#
# There is insufficient memory for the Java Runtime Environment to continue.
# Native memory allocation (malloc) failed to allocate 32744 bytes. Error detail: Chunk::new
# Possible reasons:
#   The system is out of physical RAM or swap space
#   This process is running with CompressedOops enabled, and the Java Heap may be blocking the growth of the native heap
# Possible solutions:
#   Reduce memory load on the system
#   Increase physical memory or swap space
#   Check if swap backing store is full
#   Decrease Java heap size (-Xmx/-Xms)
#   Decrease number of Java threads
#   Decrease Java thread stack sizes (-Xss)
#   Set larger code cache with -XX:ReservedCodeCacheSize=
#   JVM is running with Unscaled Compressed Oops mode in which the Java heap is
#     placed in the first 4GB address space. The Java Heap base address is the
#     maximum limit for the native heap growth. Please use -XX:HeapBaseMinAddress
#     to set the Java Heap base and to place the Java Heap above 4GB virtual address.
# This output file may be truncated or incomplete.
#
#  Out of Memory Error (arena.cpp:168), pid=30668, tid=17904
#
# JRE version: OpenJDK Runtime Environment (21.0.3) (build 21.0.3+-12282718-b509.11)
# Java VM: OpenJDK 64-Bit Server VM (21.0.3+-12282718-b509.11, mixed mode, tiered, compressed oops, compressed class ptrs, g1 gc, windows-amd64)
# No core dump will be written. Minidumps are not enabled by default on client versions of Windows
#

---------------  S U M M A R Y ------------

Command Line: org.jetbrains.kotlin.cli.jvm.K2JVMCompiler @C:\Users\sarve\AndroidStudioProjects\pixVault\app\build\20250405_606896106460096947.compiler.options

Host: Intel(R) Core(TM) i5-9300H CPU @ 2.40GHz, 8 cores, 7G,  Windows 11 , 64 bit Build 22621 (10.0.22621.4974)
Time: Sat Apr  5 21:43:09 2025 India Standard Time elapsed time: 11.332343 seconds (0d 0h 0m 11s)

---------------  T H R E A D  ---------------

Current thread (0x000002961e9ab9f0):  JavaThread "C2 CompilerThread0" daemon [_thread_in_native, id=17904, stack(0x000000ad40e00000,0x000000ad40f00000) (1024K)]


Current CompileTask:
C2:  11332 11941   !   4       jdk.internal.loader.BuiltinClassLoader::loadClassOrNull (143 bytes)

Stack: [0x000000ad40e00000,0x000000ad40f00000]
Native frames: (J=compiled Java code, j=interpreted, Vv=VM code, C=native code)
V  [jvm.dll+0x6cafb9]
V  [jvm.dll+0x858523]
V  [jvm.dll+0x85aa7e]
V  [jvm.dll+0x85b163]
V  [jvm.dll+0x27d356]
V  [jvm.dll+0xbf93d]
V  [jvm.dll+0xbfe73]
V  [jvm.dll+0x6f6cf2]
V  [jvm.dll+0x1de14e]
V  [jvm.dll+0x246c54]
V  [jvm.dll+0x2460d1]
V  [jvm.dll+0x1c5804]
V  [jvm.dll+0x25575c]
V  [jvm.dll+0x253c36]
V  [jvm.dll+0x3ec996]
V  [jvm.dll+0x800d78]
V  [jvm.dll+0x6c98cd]
C  [ucrtbase.dll+0x29333]
C  [KERNEL32.DLL+0x1259d]
C  [ntdll.dll+0x5af38]


---------------  P R O C E S S  ---------------

Threads class SMR info:
_java_thread_list=0x0000029623660410, length=11, elements={
0x000002960719f0b0, 0x000002961e92c060, 0x000002961e95d320, 0x000002961e95f8d0,
0x000002961e972d50, 0x000002961e974910, 0x000002961e97f4e0, 0x000002961e9ab9f0,
0x000002961e9ac5c0, 0x000002961ea72100, 0x000002961ea734b0
}

Java Threads: ( => current thread )
  0x000002960719f0b0 JavaThread "main"                              [_thread_in_Java, id=22636, stack(0x000000ad40000000,0x000000ad40100000) (1024K)]
  0x000002961e92c060 JavaThread "Reference Handler"          daemon [_thread_blocked, id=23616, stack(0x000000ad40800000,0x000000ad40900000) (1024K)]
  0x000002961e95d320 JavaThread "Finalizer"                  daemon [_thread_blocked, id=12048, stack(0x000000ad40900000,0x000000ad40a00000) (1024K)]
  0x000002961e95f8d0 JavaThread "Signal Dispatcher"          daemon [_thread_blocked, id=18176, stack(0x000000ad40a00000,0x000000ad40b00000) (1024K)]
  0x000002961e972d50 JavaThread "Attach Listener"            daemon [_thread_blocked, id=16472, stack(0x000000ad40b00000,0x000000ad40c00000) (1024K)]
  0x000002961e974910 JavaThread "Service Thread"             daemon [_thread_blocked, id=20376, stack(0x000000ad40c00000,0x000000ad40d00000) (1024K)]
  0x000002961e97f4e0 JavaThread "Monitor Deflation Thread"   daemon [_thread_blocked, id=28660, stack(0x000000ad40d00000,0x000000ad40e00000) (1024K)]
=>0x000002961e9ab9f0 JavaThread "C2 CompilerThread0"         daemon [_thread_in_native, id=17904, stack(0x000000ad40e00000,0x000000ad40f00000) (1024K)]
  0x000002961e9ac5c0 JavaThread "C1 CompilerThread0"         daemon [_thread_in_native, id=20000, stack(0x000000ad40f00000,0x000000ad41000000) (1024K)]
  0x000002961ea72100 JavaThread "Notification Thread"        daemon [_thread_blocked, id=2480, stack(0x000000ad41000000,0x000000ad41100000) (1024K)]
  0x000002961ea734b0 JavaThread "Common-Cleaner"             daemon [_thread_blocked, id=26092, stack(0x000000ad41100000,0x000000ad41200000) (1024K)]
Total: 11

Other Threads:
  0x000002961e908920 VMThread "VM Thread"                           [id=24520, stack(0x000000ad40700000,0x000000ad40800000) (1024K)]
  0x000002961e739460 WatcherThread "VM Periodic Task Thread"        [id=13892, stack(0x000000ad40600000,0x000000ad40700000) (1024K)]
  0x00000296071f0170 WorkerThread "GC Thread#0"                     [id=27596, stack(0x000000ad40100000,0x000000ad40200000) (1024K)]
  0x00000296235c7150 WorkerThread "GC Thread#1"                     [id=16928, stack(0x000000ad41300000,0x000000ad41400000) (1024K)]
  0x00000296235c7900 WorkerThread "GC Thread#2"                     [id=22248, stack(0x000000ad41400000,0x000000ad41500000) (1024K)]
  0x0000029623664ed0 WorkerThread "GC Thread#3"                     [id=16900, stack(0x000000ad41500000,0x000000ad41600000) (1024K)]
  0x0000029623665270 WorkerThread "GC Thread#4"                     [id=24808, stack(0x000000ad41600000,0x000000ad41700000) (1024K)]
  0x0000029623665a10 WorkerThread "GC Thread#5"                     [id=28796, stack(0x000000ad41700000,0x000000ad41800000) (1024K)]
  0x0000029623b1f950 WorkerThread "GC Thread#6"                     [id=12220, stack(0x000000ad41800000,0x000000ad41900000) (1024K)]
  0x0000029623b20090 WorkerThread "GC Thread#7"                     [id=17856, stack(0x000000ad41900000,0x000000ad41a00000) (1024K)]
  0x0000029607200e10 ConcurrentGCThread "G1 Main Marker"            [id=16040, stack(0x000000ad40200000,0x000000ad40300000) (1024K)]
  0x0000029607202380 WorkerThread "G1 Conc#0"                       [id=18896, stack(0x000000ad40300000,0x000000ad40400000) (1024K)]
  0x0000029623b1f210 WorkerThread "G1 Conc#1"                       [id=26540, stack(0x000000ad41a00000,0x000000ad41b00000) (1024K)]
  0x000002961e607f20 ConcurrentGCThread "G1 Refine#0"               [id=29728, stack(0x000000ad40400000,0x000000ad40500000) (1024K)]
  0x000002961e608740 ConcurrentGCThread "G1 Service"                [id=30452, stack(0x000000ad40500000,0x000000ad40600000) (1024K)]
Total: 15

Threads with active compile tasks:
C2 CompilerThread0    11363 11941   !   4       jdk.internal.loader.BuiltinClassLoader::loadClassOrNull (143 bytes)
C1 CompilerThread0    11363 12433       2       org.jetbrains.kotlin.backend.jvm.lower.FunctionNVarargBridgeLowering::visitFunctionAccess (390 bytes)
Total: 2

VM state: not at safepoint (normal execution)

VM Mutex/Monitor currently owned by a thread: None

Heap address: 0x0000000082800000, size: 2008 MB, Compressed Oops mode: 32-bit

CDS archive(s) not mapped
Compressed class space mapped at: 0x0000000100000000-0x0000000140000000, reserved size: 1073741824
Narrow klass base: 0x0000000000000000, Narrow klass shift: 3, Narrow klass range: 0x140000000

GC Precious Log:
 CardTable entry size: 512
 Card Set container configuration: InlinePtr #cards 5 size 8 Array Of Cards #cards 12 size 40 Howl #buckets 4 coarsen threshold 1843 Howl Bitmap #cards 512 size 80 coarsen threshold 460 Card regions per heap region 1 cards per card region 2048
 CPUs: 8 total, 8 available
 Memory: 8029M
 Large Page Support: Disabled
 NUMA Support: Disabled
 Compressed Oops: Enabled (32-bit)
 Heap Region Size: 1M
 Heap Min Capacity: 8M
 Heap Initial Capacity: 126M
 Heap Max Capacity: 2008M
 Pre-touch: Disabled
 Parallel Workers: 8
 Concurrent Workers: 2
 Concurrent Refinement Workers: 8
 Periodic GC: Disabled

Heap:
 garbage-first heap   total 171008K, used 117009K [0x0000000082800000, 0x0000000100000000)
  region size 1024K, 20 young (20480K), 7 survivors (7168K)
 Metaspace       used 85545K, committed 85952K, reserved 1179648K
  class space    used 9235K, committed 9408K, reserved 1048576K

Heap Regions: E=young(eden), S=young(survivor), O=old, HS=humongous(starts), HC=humongous(continues), CS=collection set, F=free, TAMS=top-at-mark-start, PB=parsable bottom
|   0|0x0000000082800000, 0x0000000082900000, 0x0000000082900000|100%|HS|  |TAMS 0x0000000082800000| PB 0x0000000082800000| Complete 
|   1|0x0000000082900000, 0x0000000082a00000, 0x0000000082a00000|100%|HC|  |TAMS 0x0000000082900000| PB 0x0000000082900000| Complete 
|   2|0x0000000082a00000, 0x0000000082b00000, 0x0000000082b00000|100%|HC|  |TAMS 0x0000000082a00000| PB 0x0000000082a00000| Complete 
|   3|0x0000000082b00000, 0x0000000082c00000, 0x0000000082c00000|100%| O|  |TAMS 0x0000000082b00000| PB 0x0000000082b00000| Untracked 
|   4|0x0000000082c00000, 0x0000000082d00000, 0x0000000082d00000|100%| O|  |TAMS 0x0000000082c00000| PB 0x0000000082c00000| Untracked 
|   5|0x0000000082d00000, 0x0000000082df5e10, 0x0000000082e00000| 96%| O|  |TAMS 0x0000000082d00000| PB 0x0000000082d00000| Untracked 
|   6|0x0000000082e00000, 0x0000000082f00000, 0x0000000082f00000|100%| O|  |TAMS 0x0000000082e00000| PB 0x0000000082e00000| Untracked 
|   7|0x0000000082f00000, 0x0000000083000000, 0x0000000083000000|100%| O|  |TAMS 0x0000000082f00000| PB 0x0000000082f00000| Untracked 
|   8|0x0000000083000000, 0x0000000083100000, 0x0000000083100000|100%| O|  |TAMS 0x0000000083000000| PB 0x0000000083000000| Untracked 
|   9|0x0000000083100000, 0x0000000083200000, 0x0000000083200000|100%| O|  |TAMS 0x0000000083100000| PB 0x0000000083100000| Untracked 
|  10|0x0000000083200000, 0x0000000083300000, 0x0000000083300000|100%| O|  |TAMS 0x0000000083200000| PB 0x0000000083200000| Untracked 
|  11|0x0000000083300000, 0x0000000083400000, 0x0000000083400000|100%| O|  |TAMS 0x0000000083300000| PB 0x0000000083300000| Untracked 
|  12|0x0000000083400000, 0x0000000083500000, 0x0000000083500000|100%| O|  |TAMS 0x0000000083400000| PB 0x0000000083400000| Untracked 
|  13|0x0000000083500000, 0x0000000083600000, 0x0000000083600000|100%| O|  |TAMS 0x0000000083500000| PB 0x0000000083500000| Untracked 
|  14|0x0000000083600000, 0x0000000083700000, 0x0000000083700000|100%| O|  |TAMS 0x0000000083600000| PB 0x0000000083600000| Untracked 
|  15|0x0000000083700000, 0x0000000083800000, 0x0000000083800000|100%| O|  |TAMS 0x0000000083700000| PB 0x0000000083700000| Untracked 
|  16|0x0000000083800000, 0x0000000083900000, 0x0000000083900000|100%| O|  |TAMS 0x0000000083800000| PB 0x0000000083800000| Untracked 
|  17|0x0000000083900000, 0x0000000083a00000, 0x0000000083a00000|100%| O|  |TAMS 0x0000000083900000| PB 0x0000000083900000| Untracked 
|  18|0x0000000083a00000, 0x0000000083b00000, 0x0000000083b00000|100%| O|  |TAMS 0x0000000083a00000| PB 0x0000000083a00000| Untracked 
|  19|0x0000000083b00000, 0x0000000083c00000, 0x0000000083c00000|100%| O|  |TAMS 0x0000000083b00000| PB 0x0000000083b00000| Untracked 
|  20|0x0000000083c00000, 0x0000000083d00000, 0x0000000083d00000|100%| O|  |TAMS 0x0000000083c00000| PB 0x0000000083c00000| Untracked 
|  21|0x0000000083d00000, 0x0000000083e00000, 0x0000000083e00000|100%| O|  |TAMS 0x0000000083d00000| PB 0x0000000083d00000| Untracked 
|  22|0x0000000083e00000, 0x0000000083f00000, 0x0000000083f00000|100%| O|  |TAMS 0x0000000083e00000| PB 0x0000000083e00000| Untracked 
|  23|0x0000000083f00000, 0x0000000084000000, 0x0000000084000000|100%| O|  |TAMS 0x0000000083f00000| PB 0x0000000083f00000| Untracked 
|  24|0x0000000084000000, 0x0000000084100000, 0x0000000084100000|100%| O|  |TAMS 0x0000000084000000| PB 0x0000000084000000| Untracked 
|  25|0x0000000084100000, 0x0000000084200000, 0x0000000084200000|100%| O|  |TAMS 0x0000000084100000| PB 0x0000000084100000| Untracked 
|  26|0x0000000084200000, 0x0000000084300000, 0x0000000084300000|100%| O|  |TAMS 0x0000000084200000| PB 0x0000000084200000| Untracked 
|  27|0x0000000084300000, 0x0000000084400000, 0x0000000084400000|100%| O|  |TAMS 0x0000000084300000| PB 0x0000000084300000| Untracked 
|  28|0x0000000084400000, 0x0000000084500000, 0x0000000084500000|100%| O|  |TAMS 0x0000000084400000| PB 0x0000000084400000| Untracked 
|  29|0x0000000084500000, 0x0000000084600000, 0x0000000084600000|100%| O|  |TAMS 0x0000000084500000| PB 0x0000000084500000| Untracked 
|  30|0x0000000084600000, 0x0000000084700000, 0x0000000084700000|100%| O|  |TAMS 0x0000000084600000| PB 0x0000000084600000| Untracked 
|  31|0x0000000084700000, 0x0000000084800000, 0x0000000084800000|100%| O|  |TAMS 0x0000000084700000| PB 0x0000000084700000| Untracked 
|  32|0x0000000084800000, 0x0000000084900000, 0x0000000084900000|100%| O|  |TAMS 0x0000000084800000| PB 0x0000000084800000| Untracked 
|  33|0x0000000084900000, 0x0000000084a00000, 0x0000000084a00000|100%| O|  |TAMS 0x0000000084900000| PB 0x0000000084900000| Untracked 
|  34|0x0000000084a00000, 0x0000000084b00000, 0x0000000084b00000|100%| O|  |TAMS 0x0000000084a00000| PB 0x0000000084a00000| Untracked 
|  35|0x0000000084b00000, 0x0000000084c00000, 0x0000000084c00000|100%| O|  |TAMS 0x0000000084b00000| PB 0x0000000084b00000| Untracked 
|  36|0x0000000084c00000, 0x0000000084d00000, 0x0000000084d00000|100%| O|  |TAMS 0x0000000084c00000| PB 0x0000000084c00000| Untracked 
|  37|0x0000000084d00000, 0x0000000084e00000, 0x0000000084e00000|100%| O|  |TAMS 0x0000000084d00000| PB 0x0000000084d00000| Untracked 
|  38|0x0000000084e00000, 0x0000000084f00000, 0x0000000084f00000|100%| O|  |TAMS 0x0000000084e00000| PB 0x0000000084e00000| Untracked 
|  39|0x0000000084f00000, 0x0000000085000000, 0x0000000085000000|100%| O|  |TAMS 0x0000000084f00000| PB 0x0000000084f00000| Untracked 
|  40|0x0000000085000000, 0x0000000085100000, 0x0000000085100000|100%| O|  |TAMS 0x0000000085000000| PB 0x0000000085000000| Untracked 
|  41|0x0000000085100000, 0x0000000085100000, 0x0000000085200000|  0%| F|  |TAMS 0x0000000085100000| PB 0x0000000085100000| Untracked 
|  42|0x0000000085200000, 0x0000000085300000, 0x0000000085300000|100%| O|  |TAMS 0x0000000085200000| PB 0x0000000085200000| Untracked 
|  43|0x0000000085300000, 0x0000000085400000, 0x0000000085400000|100%| O|  |TAMS 0x0000000085300000| PB 0x0000000085300000| Untracked 
|  44|0x0000000085400000, 0x0000000085500000, 0x0000000085500000|100%| O|  |TAMS 0x0000000085400000| PB 0x0000000085400000| Untracked 
|  45|0x0000000085500000, 0x0000000085600000, 0x0000000085600000|100%| O|  |TAMS 0x0000000085500000| PB 0x0000000085500000| Untracked 
|  46|0x0000000085600000, 0x0000000085700000, 0x0000000085700000|100%| O|  |TAMS 0x0000000085600000| PB 0x0000000085600000| Untracked 
|  47|0x0000000085700000, 0x0000000085800000, 0x0000000085800000|100%| O|  |TAMS 0x0000000085700000| PB 0x0000000085700000| Untracked 
|  48|0x0000000085800000, 0x0000000085900000, 0x0000000085900000|100%| O|  |TAMS 0x0000000085800000| PB 0x0000000085800000| Untracked 
|  49|0x0000000085900000, 0x0000000085a00000, 0x0000000085a00000|100%| O|  |TAMS 0x0000000085900000| PB 0x0000000085900000| Untracked 
|  50|0x0000000085a00000, 0x0000000085b00000, 0x0000000085b00000|100%| O|  |TAMS 0x0000000085a00000| PB 0x0000000085a00000| Untracked 
|  51|0x0000000085b00000, 0x0000000085c00000, 0x0000000085c00000|100%| O|  |TAMS 0x0000000085b00000| PB 0x0000000085b00000| Untracked 
|  52|0x0000000085c00000, 0x0000000085d00000, 0x0000000085d00000|100%| O|  |TAMS 0x0000000085c00000| PB 0x0000000085c00000| Untracked 
|  53|0x0000000085d00000, 0x0000000085e00000, 0x0000000085e00000|100%| O|  |TAMS 0x0000000085d00000| PB 0x0000000085d00000| Untracked 
|  54|0x0000000085e00000, 0x0000000085f00000, 0x0000000085f00000|100%| O|  |TAMS 0x0000000085e00000| PB 0x0000000085e00000| Untracked 
|  55|0x0000000085f00000, 0x0000000086000000, 0x0000000086000000|100%| O|  |TAMS 0x0000000085f00000| PB 0x0000000085f00000| Untracked 
|  56|0x0000000086000000, 0x0000000086100000, 0x0000000086100000|100%| O|  |TAMS 0x0000000086000000| PB 0x0000000086000000| Untracked 
|  57|0x0000000086100000, 0x0000000086200000, 0x0000000086200000|100%| O|  |TAMS 0x0000000086100000| PB 0x0000000086100000| Untracked 
|  58|0x0000000086200000, 0x0000000086300000, 0x0000000086300000|100%| O|  |TAMS 0x0000000086200000| PB 0x0000000086200000| Untracked 
|  59|0x0000000086300000, 0x0000000086400000, 0x0000000086400000|100%| O|  |TAMS 0x0000000086300000| PB 0x0000000086300000| Untracked 
|  60|0x0000000086400000, 0x0000000086500000, 0x0000000086500000|100%| O|  |TAMS 0x0000000086400000| PB 0x0000000086400000| Untracked 
|  61|0x0000000086500000, 0x0000000086600000, 0x0000000086600000|100%| O|  |TAMS 0x0000000086500000| PB 0x0000000086500000| Untracked 
|  62|0x0000000086600000, 0x0000000086700000, 0x0000000086700000|100%| O|  |TAMS 0x0000000086600000| PB 0x0000000086600000| Untracked 
|  63|0x0000000086700000, 0x0000000086800000, 0x0000000086800000|100%| O|  |TAMS 0x0000000086700000| PB 0x0000000086700000| Untracked 
|  64|0x0000000086800000, 0x0000000086900000, 0x0000000086900000|100%| O|  |TAMS 0x0000000086800000| PB 0x0000000086800000| Untracked 
|  65|0x0000000086900000, 0x0000000086a00000, 0x0000000086a00000|100%| O|  |TAMS 0x0000000086900000| PB 0x0000000086900000| Untracked 
|  66|0x0000000086a00000, 0x0000000086b00000, 0x0000000086b00000|100%| O|  |TAMS 0x0000000086a00000| PB 0x0000000086a00000| Untracked 
|  67|0x0000000086b00000, 0x0000000086c00000, 0x0000000086c00000|100%| O|  |TAMS 0x0000000086b00000| PB 0x0000000086b00000| Untracked 
|  68|0x0000000086c00000, 0x0000000086d00000, 0x0000000086d00000|100%| O|  |TAMS 0x0000000086c00000| PB 0x0000000086c00000| Untracked 
|  69|0x0000000086d00000, 0x0000000086d00000, 0x0000000086e00000|  0%| F|  |TAMS 0x0000000086d00000| PB 0x0000000086d00000| Untracked 
|  70|0x0000000086e00000, 0x0000000086f00000, 0x0000000086f00000|100%| O|  |TAMS 0x0000000086e00000| PB 0x0000000086e00000| Untracked 
|  71|0x0000000086f00000, 0x0000000087000000, 0x0000000087000000|100%| O|  |TAMS 0x0000000086f00000| PB 0x0000000086f00000| Untracked 
|  72|0x0000000087000000, 0x0000000087100000, 0x0000000087100000|100%| O|  |TAMS 0x0000000087000000| PB 0x0000000087000000| Untracked 
|  73|0x0000000087100000, 0x0000000087200000, 0x0000000087200000|100%| O|  |TAMS 0x0000000087100000| PB 0x0000000087100000| Untracked 
|  74|0x0000000087200000, 0x0000000087300000, 0x0000000087300000|100%| O|  |TAMS 0x0000000087200000| PB 0x0000000087200000| Untracked 
|  75|0x0000000087300000, 0x0000000087400000, 0x0000000087400000|100%| O|  |TAMS 0x0000000087300000| PB 0x0000000087300000| Untracked 
|  76|0x0000000087400000, 0x0000000087500000, 0x0000000087500000|100%| O|  |TAMS 0x0000000087400000| PB 0x0000000087400000| Untracked 
|  77|0x0000000087500000, 0x0000000087600000, 0x0000000087600000|100%| O|  |TAMS 0x0000000087500000| PB 0x0000000087500000| Untracked 
|  78|0x0000000087600000, 0x0000000087700000, 0x0000000087700000|100%| O|  |TAMS 0x0000000087600000| PB 0x0000000087600000| Untracked 
|  79|0x0000000087700000, 0x0000000087800000, 0x0000000087800000|100%| O|  |TAMS 0x0000000087700000| PB 0x0000000087700000| Untracked 
|  80|0x0000000087800000, 0x0000000087900000, 0x0000000087900000|100%| O|  |TAMS 0x0000000087800000| PB 0x0000000087800000| Untracked 
|  81|0x0000000087900000, 0x0000000087a00000, 0x0000000087a00000|100%| O|  |TAMS 0x0000000087900000| PB 0x0000000087900000| Untracked 
|  82|0x0000000087a00000, 0x0000000087b00000, 0x0000000087b00000|100%| O|  |TAMS 0x0000000087a00000| PB 0x0000000087a00000| Untracked 
|  83|0x0000000087b00000, 0x0000000087c00000, 0x0000000087c00000|100%| O|  |TAMS 0x0000000087b00000| PB 0x0000000087b00000| Untracked 
|  84|0x0000000087c00000, 0x0000000087d00000, 0x0000000087d00000|100%| O|  |TAMS 0x0000000087c00000| PB 0x0000000087c00000| Untracked 
|  85|0x0000000087d00000, 0x0000000087e00000, 0x0000000087e00000|100%| O|  |TAMS 0x0000000087d00000| PB 0x0000000087d00000| Untracked 
|  86|0x0000000087e00000, 0x0000000087f00000, 0x0000000087f00000|100%| O|  |TAMS 0x0000000087e00000| PB 0x0000000087e00000| Untracked 
|  87|0x0000000087f00000, 0x0000000088000000, 0x0000000088000000|100%| O|  |TAMS 0x0000000087f00000| PB 0x0000000087f00000| Untracked 
|  88|0x0000000088000000, 0x0000000088100000, 0x0000000088100000|100%| O|  |TAMS 0x0000000088000000| PB 0x0000000088000000| Untracked 
|  89|0x0000000088100000, 0x0000000088200000, 0x0000000088200000|100%| O|  |TAMS 0x0000000088100000| PB 0x0000000088100000| Untracked 
|  90|0x0000000088200000, 0x0000000088300000, 0x0000000088300000|100%| O|  |TAMS 0x0000000088200000| PB 0x0000000088200000| Untracked 
|  91|0x0000000088300000, 0x0000000088400000, 0x0000000088400000|100%| O|  |TAMS 0x0000000088300000| PB 0x0000000088300000| Untracked 
|  92|0x0000000088400000, 0x0000000088500000, 0x0000000088500000|100%| O|  |TAMS 0x0000000088400000| PB 0x0000000088400000| Untracked 
|  93|0x0000000088500000, 0x000000008854e940, 0x0000000088600000| 30%| O|  |TAMS 0x0000000088500000| PB 0x0000000088500000| Untracked 
|  94|0x0000000088600000, 0x0000000088600000, 0x0000000088700000|  0%| F|  |TAMS 0x0000000088600000| PB 0x0000000088600000| Untracked 
|  95|0x0000000088700000, 0x0000000088700000, 0x0000000088800000|  0%| F|  |TAMS 0x0000000088700000| PB 0x0000000088700000| Untracked 
|  96|0x0000000088800000, 0x0000000088800000, 0x0000000088900000|  0%| F|  |TAMS 0x0000000088800000| PB 0x0000000088800000| Untracked 
|  97|0x0000000088900000, 0x0000000088900000, 0x0000000088a00000|  0%| F|  |TAMS 0x0000000088900000| PB 0x0000000088900000| Untracked 
|  98|0x0000000088a00000, 0x0000000088a00000, 0x0000000088b00000|  0%| F|  |TAMS 0x0000000088a00000| PB 0x0000000088a00000| Untracked 
|  99|0x0000000088b00000, 0x0000000088b00000, 0x0000000088c00000|  0%| F|  |TAMS 0x0000000088b00000| PB 0x0000000088b00000| Untracked 
| 100|0x0000000088c00000, 0x0000000088c00000, 0x0000000088d00000|  0%| F|  |TAMS 0x0000000088c00000| PB 0x0000000088c00000| Untracked 
| 101|0x0000000088d00000, 0x0000000088d00000, 0x0000000088e00000|  0%| F|  |TAMS 0x0000000088d00000| PB 0x0000000088d00000| Untracked 
| 102|0x0000000088e00000, 0x0000000088e00000, 0x0000000088f00000|  0%| F|  |TAMS 0x0000000088e00000| PB 0x0000000088e00000| Untracked 
| 103|0x0000000088f00000, 0x0000000088f00000, 0x0000000089000000|  0%| F|  |TAMS 0x0000000088f00000| PB 0x0000000088f00000| Untracked 
| 104|0x0000000089000000, 0x0000000089000000, 0x0000000089100000|  0%| F|  |TAMS 0x0000000089000000| PB 0x0000000089000000| Untracked 
| 105|0x0000000089100000, 0x0000000089200000, 0x0000000089200000|100%| S|CS|TAMS 0x0000000089100000| PB 0x0000000089100000| Complete 
| 106|0x0000000089200000, 0x0000000089300000, 0x0000000089300000|100%| S|CS|TAMS 0x0000000089200000| PB 0x0000000089200000| Complete 
| 107|0x0000000089300000, 0x0000000089400000, 0x0000000089400000|100%| S|CS|TAMS 0x0000000089300000| PB 0x0000000089300000| Complete 
| 108|0x0000000089400000, 0x0000000089500000, 0x0000000089500000|100%| S|CS|TAMS 0x0000000089400000| PB 0x0000000089400000| Complete 
| 109|0x0000000089500000, 0x0000000089600000, 0x0000000089600000|100%| S|CS|TAMS 0x0000000089500000| PB 0x0000000089500000| Complete 
| 110|0x0000000089600000, 0x0000000089700000, 0x0000000089700000|100%| S|CS|TAMS 0x0000000089600000| PB 0x0000000089600000| Complete 
| 111|0x0000000089700000, 0x0000000089800000, 0x0000000089800000|100%| S|CS|TAMS 0x0000000089700000| PB 0x0000000089700000| Complete 
| 112|0x0000000089800000, 0x0000000089800000, 0x0000000089900000|  0%| F|  |TAMS 0x0000000089800000| PB 0x0000000089800000| Untracked 
| 113|0x0000000089900000, 0x0000000089900000, 0x0000000089a00000|  0%| F|  |TAMS 0x0000000089900000| PB 0x0000000089900000| Untracked 
| 114|0x0000000089a00000, 0x0000000089a00000, 0x0000000089b00000|  0%| F|  |TAMS 0x0000000089a00000| PB 0x0000000089a00000| Untracked 
| 115|0x0000000089b00000, 0x0000000089b00000, 0x0000000089c00000|  0%| F|  |TAMS 0x0000000089b00000| PB 0x0000000089b00000| Untracked 
| 116|0x0000000089c00000, 0x0000000089c00000, 0x0000000089d00000|  0%| F|  |TAMS 0x0000000089c00000| PB 0x0000000089c00000| Untracked 
| 117|0x0000000089d00000, 0x0000000089d00000, 0x0000000089e00000|  0%| F|  |TAMS 0x0000000089d00000| PB 0x0000000089d00000| Untracked 
| 118|0x0000000089e00000, 0x0000000089e00000, 0x0000000089f00000|  0%| F|  |TAMS 0x0000000089e00000| PB 0x0000000089e00000| Untracked 
| 119|0x0000000089f00000, 0x0000000089f00000, 0x000000008a000000|  0%| F|  |TAMS 0x0000000089f00000| PB 0x0000000089f00000| Untracked 
| 120|0x000000008a000000, 0x000000008a000000, 0x000000008a100000|  0%| F|  |TAMS 0x000000008a000000| PB 0x000000008a000000| Untracked 
| 121|0x000000008a100000, 0x000000008a100000, 0x000000008a200000|  0%| F|  |TAMS 0x000000008a100000| PB 0x000000008a100000| Untracked 
| 122|0x000000008a200000, 0x000000008a200000, 0x000000008a300000|  0%| F|  |TAMS 0x000000008a200000| PB 0x000000008a200000| Untracked 
| 123|0x000000008a300000, 0x000000008a300000, 0x000000008a400000|  0%| F|  |TAMS 0x000000008a300000| PB 0x000000008a300000| Untracked 
| 124|0x000000008a400000, 0x000000008a400000, 0x000000008a500000|  0%| F|  |TAMS 0x000000008a400000| PB 0x000000008a400000| Untracked 
| 125|0x000000008a500000, 0x000000008a500000, 0x000000008a600000|  0%| F|  |TAMS 0x000000008a500000| PB 0x000000008a500000| Untracked 
| 126|0x000000008a600000, 0x000000008a600000, 0x000000008a700000|  0%| F|  |TAMS 0x000000008a600000| PB 0x000000008a600000| Untracked 
| 127|0x000000008a700000, 0x000000008a700000, 0x000000008a800000|  0%| F|  |TAMS 0x000000008a700000| PB 0x000000008a700000| Untracked 
| 128|0x000000008a800000, 0x000000008a800000, 0x000000008a900000|  0%| F|  |TAMS 0x000000008a800000| PB 0x000000008a800000| Untracked 
| 129|0x000000008a900000, 0x000000008a900000, 0x000000008aa00000|  0%| F|  |TAMS 0x000000008a900000| PB 0x000000008a900000| Untracked 
| 130|0x000000008aa00000, 0x000000008aa00000, 0x000000008ab00000|  0%| F|  |TAMS 0x000000008aa00000| PB 0x000000008aa00000| Untracked 
| 131|0x000000008ab00000, 0x000000008ab00000, 0x000000008ac00000|  0%| F|  |TAMS 0x000000008ab00000| PB 0x000000008ab00000| Untracked 
| 132|0x000000008ac00000, 0x000000008ac00000, 0x000000008ad00000|  0%| F|  |TAMS 0x000000008ac00000| PB 0x000000008ac00000| Untracked 
| 133|0x000000008ad00000, 0x000000008ad00000, 0x000000008ae00000|  0%| F|  |TAMS 0x000000008ad00000| PB 0x000000008ad00000| Untracked 
| 134|0x000000008ae00000, 0x000000008ae00000, 0x000000008af00000|  0%| F|  |TAMS 0x000000008ae00000| PB 0x000000008ae00000| Untracked 
| 135|0x000000008af00000, 0x000000008af00000, 0x000000008b000000|  0%| F|  |TAMS 0x000000008af00000| PB 0x000000008af00000| Untracked 
| 136|0x000000008b000000, 0x000000008b000000, 0x000000008b100000|  0%| F|  |TAMS 0x000000008b000000| PB 0x000000008b000000| Untracked 
| 137|0x000000008b100000, 0x000000008b100000, 0x000000008b200000|  0%| F|  |TAMS 0x000000008b100000| PB 0x000000008b100000| Untracked 
| 138|0x000000008b200000, 0x000000008b200000, 0x000000008b300000|  0%| F|  |TAMS 0x000000008b200000| PB 0x000000008b200000| Untracked 
| 139|0x000000008b300000, 0x000000008b300000, 0x000000008b400000|  0%| F|  |TAMS 0x000000008b300000| PB 0x000000008b300000| Untracked 
| 140|0x000000008b400000, 0x000000008b400000, 0x000000008b500000|  0%| F|  |TAMS 0x000000008b400000| PB 0x000000008b400000| Untracked 
| 141|0x000000008b500000, 0x000000008b500000, 0x000000008b600000|  0%| F|  |TAMS 0x000000008b500000| PB 0x000000008b500000| Untracked 
| 142|0x000000008b600000, 0x000000008b600000, 0x000000008b700000|  0%| F|  |TAMS 0x000000008b600000| PB 0x000000008b600000| Untracked 
| 143|0x000000008b700000, 0x000000008b700000, 0x000000008b800000|  0%| F|  |TAMS 0x000000008b700000| PB 0x000000008b700000| Untracked 
| 144|0x000000008b800000, 0x000000008b800000, 0x000000008b900000|  0%| F|  |TAMS 0x000000008b800000| PB 0x000000008b800000| Untracked 
| 145|0x000000008b900000, 0x000000008b900000, 0x000000008ba00000|  0%| F|  |TAMS 0x000000008b900000| PB 0x000000008b900000| Untracked 
| 146|0x000000008ba00000, 0x000000008ba00000, 0x000000008bb00000|  0%| F|  |TAMS 0x000000008ba00000| PB 0x000000008ba00000| Untracked 
| 147|0x000000008bb00000, 0x000000008bb00000, 0x000000008bc00000|  0%| F|  |TAMS 0x000000008bb00000| PB 0x000000008bb00000| Untracked 
| 148|0x000000008bc00000, 0x000000008bc00000, 0x000000008bd00000|  0%| F|  |TAMS 0x000000008bc00000| PB 0x000000008bc00000| Untracked 
| 149|0x000000008bd00000, 0x000000008bd80800, 0x000000008be00000| 50%| E|  |TAMS 0x000000008bd00000| PB 0x000000008bd00000| Complete 
| 150|0x000000008be00000, 0x000000008bf00000, 0x000000008bf00000|100%| E|CS|TAMS 0x000000008be00000| PB 0x000000008be00000| Complete 
| 151|0x000000008bf00000, 0x000000008c000000, 0x000000008c000000|100%| E|CS|TAMS 0x000000008bf00000| PB 0x000000008bf00000| Complete 
| 152|0x000000008c000000, 0x000000008c100000, 0x000000008c100000|100%| E|CS|TAMS 0x000000008c000000| PB 0x000000008c000000| Complete 
| 153|0x000000008c100000, 0x000000008c200000, 0x000000008c200000|100%| E|CS|TAMS 0x000000008c100000| PB 0x000000008c100000| Complete 
| 154|0x000000008c200000, 0x000000008c300000, 0x000000008c300000|100%| E|CS|TAMS 0x000000008c200000| PB 0x000000008c200000| Complete 
| 155|0x000000008c300000, 0x000000008c400000, 0x000000008c400000|100%| E|CS|TAMS 0x000000008c300000| PB 0x000000008c300000| Complete 
| 156|0x000000008c400000, 0x000000008c500000, 0x000000008c500000|100%| E|CS|TAMS 0x000000008c400000| PB 0x000000008c400000| Complete 
| 157|0x000000008c500000, 0x000000008c600000, 0x000000008c600000|100%| E|CS|TAMS 0x000000008c500000| PB 0x000000008c500000| Complete 
| 158|0x000000008c600000, 0x000000008c700000, 0x000000008c700000|100%| E|CS|TAMS 0x000000008c600000| PB 0x000000008c600000| Complete 
| 159|0x000000008c700000, 0x000000008c800000, 0x000000008c800000|100%| E|CS|TAMS 0x000000008c700000| PB 0x000000008c700000| Complete 
| 160|0x000000008c800000, 0x000000008c900000, 0x000000008c900000|100%| E|CS|TAMS 0x000000008c800000| PB 0x000000008c800000| Complete 
| 161|0x000000008c900000, 0x000000008ca00000, 0x000000008ca00000|100%| E|CS|TAMS 0x000000008c900000| PB 0x000000008c900000| Complete 
|2003|0x00000000ffb00000, 0x00000000ffc00000, 0x00000000ffc00000|100%| E|CS|TAMS 0x00000000ffb00000| PB 0x00000000ffb00000| Complete 
|2004|0x00000000ffc00000, 0x00000000ffd00000, 0x00000000ffd00000|100%| O|  |TAMS 0x00000000ffc00000| PB 0x00000000ffc00000| Untracked 
|2005|0x00000000ffd00000, 0x00000000ffe00000, 0x00000000ffe00000|100%| O|  |TAMS 0x00000000ffd00000| PB 0x00000000ffd00000| Untracked 
|2006|0x00000000ffe00000, 0x00000000fff00000, 0x00000000fff00000|100%| O|  |TAMS 0x00000000ffe00000| PB 0x00000000ffe00000| Untracked 
|2007|0x00000000fff00000, 0x0000000100000000, 0x0000000100000000|100%| O|  |TAMS 0x00000000fff00000| PB 0x00000000fff00000| Untracked 

Card table byte_map: [0x00000296199d0000,0x0000029619dc0000] _byte_map_base: 0x00000296195bc000

Marking Bits: (CMBitMap*) 0x00000296071f0770
 Bits: [0x0000029619dc0000, 0x000002961bd20000)

Polling page: 0x0000029606930000

Metaspace:

Usage:
  Non-class:     74.52 MB used.
      Class:      9.02 MB used.
       Both:     83.54 MB used.

Virtual space:
  Non-class space:      128.00 MB reserved,      74.75 MB ( 58%) committed,  2 nodes.
      Class space:        1.00 GB reserved,       9.19 MB ( <1%) committed,  1 nodes.
             Both:        1.12 GB reserved,      83.94 MB (  7%) committed. 

Chunk freelists:
   Non-Class:  5.23 MB
       Class:  6.83 MB
        Both:  12.06 MB

MaxMetaspaceSize: unlimited
CompressedClassSpaceSize: 1.00 GB
Initial GC threshold: 21.00 MB
Current GC threshold: 124.69 MB
CDS: off
 - commit_granule_bytes: 65536.
 - commit_granule_words: 8192.
 - virtual_space_node_default_size: 8388608.
 - enlarge_chunks_in_place: 1.
 - use_allocation_guard: 0.


Internal statistics:

num_allocs_failed_limit: 6.
num_arena_births: 422.
num_arena_deaths: 0.
num_vsnodes_births: 3.
num_vsnodes_deaths: 0.
num_space_committed: 1340.
num_space_uncommitted: 0.
num_chunks_returned_to_freelist: 6.
num_chunks_taken_from_freelist: 3162.
num_chunk_merges: 6.
num_chunk_splits: 2591.
num_chunks_enlarged: 2311.
num_inconsistent_stats: 0.

CodeHeap 'non-profiled nmethods': size=120000Kb used=4383Kb max_used=4383Kb free=115616Kb
 bounds [0x0000029611d80000, 0x00000296121d0000, 0x00000296192b0000]
CodeHeap 'profiled nmethods': size=120000Kb used=32203Kb max_used=32203Kb free=87796Kb
 bounds [0x000002960a2b0000, 0x000002960c230000, 0x00000296117e0000]
CodeHeap 'non-nmethods': size=5760Kb used=1807Kb max_used=1855Kb free=3952Kb
 bounds [0x00000296117e0000, 0x0000029611a50000, 0x0000029611d80000]
 total_blobs=11790 nmethods=10979 adapters=712
 compilation: enabled
              stopped_count=0, restarted_count=0
 full_count=0

Compilation events (20 events):
Event: 11.288 Thread 0x000002961e9ac5c0 nmethod 12421 0x000002960c217f90 code [0x000002960c2181c0, 0x000002960c218620]
Event: 11.289 Thread 0x000002961e9ac5c0 12423       2       org.jetbrains.kotlin.backend.common.BodyLoweringVisitor::visitClass (168 bytes)
Event: 11.289 Thread 0x000002961e9ac5c0 nmethod 12423 0x000002960c218990 code [0x000002960c218ce0, 0x000002960c2197a0]
Event: 11.295 Thread 0x000002961e9ac5c0 12425       2       org.jetbrains.kotlin.backend.common.lower.DefaultParameterInjector::shouldReplaceWithSyntheticFunction (143 bytes)
Event: 11.296 Thread 0x000002961e9ac5c0 nmethod 12425 0x000002960c219f90 code [0x000002960c21a280, 0x000002960c21aac8]
Event: 11.297 Thread 0x000002961e9ac5c0 12424       2       org.jetbrains.kotlin.backend.common.lower.DefaultParameterInjector::visitFunctionAccessExpression (569 bytes)
Event: 11.304 Thread 0x000002961e9ac5c0 nmethod 12424 0x000002960c21b090 code [0x000002960c21b9e0, 0x000002960c21e590]
Event: 11.309 Thread 0x000002961e9ac5c0 12426       2       org.jetbrains.kotlin.backend.jvm.lower.TailCallOptimizationLowering$lower$1::visitFunctionAccess (10 bytes)
Event: 11.310 Thread 0x000002961e9ac5c0 nmethod 12426 0x000002960c220910 code [0x000002960c220b40, 0x000002960c220fe8]
Event: 11.310 Thread 0x000002961e9ac5c0 12427       2       org.jetbrains.kotlin.backend.jvm.lower.TailCallOptimizationLowering$lower$1::visitFunctionAccess (7 bytes)
Event: 11.311 Thread 0x000002961e9ac5c0 nmethod 12427 0x000002960c221310 code [0x000002960c221560, 0x000002960c221a88]
Event: 11.314 Thread 0x000002961e9ac5c0 12428       2       org.jetbrains.kotlin.backend.jvm.lower.UniqueLoopLabelsLowering$lower$1::visitFunctionAccess (6 bytes)
Event: 11.315 Thread 0x000002961e9ac5c0 nmethod 12428 0x000002960c221e10 code [0x000002960c222060, 0x000002960c2224b8]
Event: 11.315 Thread 0x000002961e9ac5c0 12429       2       org.jetbrains.kotlin.backend.common.BodyLoweringVisitor$$Lambda/0x00000001008b2b20::invoke (16 bytes)
Event: 11.316 Thread 0x000002961e9ac5c0 nmethod 12429 0x000002960c222810 code [0x000002960c222a40, 0x000002960c222ec0]
Event: 11.316 Thread 0x000002961e9ac5c0 12430       2       org.jetbrains.kotlin.backend.common.BodyLoweringVisitor::visitBody$lambda$2 (29 bytes)
Event: 11.316 Thread 0x000002961e9ac5c0 nmethod 12430 0x000002960c223210 code [0x000002960c223440, 0x000002960c223898]
Event: 11.316 Thread 0x000002961e9ac5c0 12431       1       org.jetbrains.kotlin.ir.expressions.impl.IrBlockImpl::getEndOffset (5 bytes)
Event: 11.316 Thread 0x000002961e9ac5c0 nmethod 12431 0x00000296121c7b10 code [0x00000296121c7ca0, 0x00000296121c7d68]
Event: 11.318 Thread 0x000002961e9ac5c0 12433       2       org.jetbrains.kotlin.backend.jvm.lower.FunctionNVarargBridgeLowering::visitFunctionAccess (390 bytes)

GC Heap History (20 events):
Event: 6.089 GC heap before
{Heap before GC invocations=19 (full 0):
 garbage-first heap   total 98304K, used 81664K [0x0000000082800000, 0x0000000100000000)
  region size 1024K, 34 young (34816K), 5 survivors (5120K)
 Metaspace       used 59540K, committed 59840K, reserved 1114112K
  class space    used 6953K, committed 7040K, reserved 1048576K
}
Event: 6.106 GC heap after
{Heap after GC invocations=20 (full 0):
 garbage-first heap   total 98304K, used 58327K [0x0000000082800000, 0x0000000100000000)
  region size 1024K, 5 young (5120K), 5 survivors (5120K)
 Metaspace       used 59540K, committed 59840K, reserved 1114112K
  class space    used 6953K, committed 7040K, reserved 1048576K
}
Event: 6.562 GC heap before
{Heap before GC invocations=20 (full 0):
 garbage-first heap   total 98304K, used 83927K [0x0000000082800000, 0x0000000100000000)
  region size 1024K, 30 young (30720K), 5 survivors (5120K)
 Metaspace       used 60627K, committed 60928K, reserved 1114112K
  class space    used 7020K, committed 7104K, reserved 1048576K
}
Event: 6.579 GC heap after
{Heap after GC invocations=21 (full 0):
 garbage-first heap   total 98304K, used 63447K [0x0000000082800000, 0x0000000100000000)
  region size 1024K, 4 young (4096K), 4 survivors (4096K)
 Metaspace       used 60627K, committed 60928K, reserved 1114112K
  class space    used 7020K, committed 7104K, reserved 1048576K
}
Event: 7.325 GC heap before
{Heap before GC invocations=22 (full 0):
 garbage-first heap   total 109568K, used 83927K [0x0000000082800000, 0x0000000100000000)
  region size 1024K, 26 young (26624K), 4 survivors (4096K)
 Metaspace       used 63754K, committed 64128K, reserved 1114112K
  class space    used 7303K, committed 7488K, reserved 1048576K
}
Event: 7.337 GC heap after
{Heap after GC invocations=23 (full 0):
 garbage-first heap   total 109568K, used 65846K [0x0000000082800000, 0x0000000100000000)
  region size 1024K, 3 young (3072K), 3 survivors (3072K)
 Metaspace       used 63754K, committed 64128K, reserved 1114112K
  class space    used 7303K, committed 7488K, reserved 1048576K
}
Event: 7.582 GC heap before
{Heap before GC invocations=23 (full 0):
 garbage-first heap   total 109568K, used 94518K [0x0000000082800000, 0x0000000100000000)
  region size 1024K, 31 young (31744K), 3 survivors (3072K)
 Metaspace       used 63925K, committed 64320K, reserved 1114112K
  class space    used 7308K, committed 7488K, reserved 1048576K
}
Event: 7.598 GC heap after
{Heap after GC invocations=24 (full 0):
 garbage-first heap   total 109568K, used 71639K [0x0000000082800000, 0x0000000100000000)
  region size 1024K, 4 young (4096K), 4 survivors (4096K)
 Metaspace       used 63925K, committed 64320K, reserved 1114112K
  class space    used 7308K, committed 7488K, reserved 1048576K
}
Event: 7.852 GC heap before
{Heap before GC invocations=24 (full 0):
 garbage-first heap   total 109568K, used 96215K [0x0000000082800000, 0x0000000100000000)
  region size 1024K, 28 young (28672K), 4 survivors (4096K)
 Metaspace       used 66394K, committed 66752K, reserved 1114112K
  class space    used 7534K, committed 7744K, reserved 1048576K
}
Event: 7.863 GC heap after
{Heap after GC invocations=25 (full 0):
 garbage-first heap   total 143360K, used 75608K [0x0000000082800000, 0x0000000100000000)
  region size 1024K, 4 young (4096K), 4 survivors (4096K)
 Metaspace       used 66394K, committed 66752K, reserved 1114112K
  class space    used 7534K, committed 7744K, reserved 1048576K
}
Event: 8.585 GC heap before
{Heap before GC invocations=26 (full 0):
 garbage-first heap   total 143360K, used 120664K [0x0000000082800000, 0x0000000100000000)
  region size 1024K, 49 young (50176K), 4 survivors (4096K)
 Metaspace       used 71340K, committed 71680K, reserved 1114112K
  class space    used 7961K, committed 8128K, reserved 1048576K
}
Event: 8.604 GC heap after
{Heap after GC invocations=27 (full 0):
 garbage-first heap   total 143360K, used 82784K [0x0000000082800000, 0x0000000100000000)
  region size 1024K, 7 young (7168K), 7 survivors (7168K)
 Metaspace       used 71340K, committed 71680K, reserved 1114112K
  class space    used 7961K, committed 8128K, reserved 1048576K
}
Event: 9.185 GC heap before
{Heap before GC invocations=27 (full 0):
 garbage-first heap   total 143360K, used 124768K [0x0000000082800000, 0x0000000100000000)
  region size 1024K, 48 young (49152K), 7 survivors (7168K)
 Metaspace       used 73938K, committed 74304K, reserved 1179648K
  class space    used 8132K, committed 8320K, reserved 1048576K
}
Event: 9.204 GC heap after
{Heap after GC invocations=28 (full 0):
 garbage-first heap   total 143360K, used 88458K [0x0000000082800000, 0x0000000100000000)
  region size 1024K, 6 young (6144K), 6 survivors (6144K)
 Metaspace       used 73938K, committed 74304K, reserved 1179648K
  class space    used 8132K, committed 8320K, reserved 1048576K
}
Event: 9.600 GC heap before
{Heap before GC invocations=28 (full 0):
 garbage-first heap   total 143360K, used 125322K [0x0000000082800000, 0x0000000100000000)
  region size 1024K, 42 young (43008K), 6 survivors (6144K)
 Metaspace       used 76138K, committed 76544K, reserved 1179648K
  class space    used 8377K, committed 8576K, reserved 1048576K
}
Event: 9.619 GC heap after
{Heap after GC invocations=29 (full 0):
 garbage-first heap   total 143360K, used 96169K [0x0000000082800000, 0x0000000100000000)
  region size 1024K, 6 young (6144K), 6 survivors (6144K)
 Metaspace       used 76138K, committed 76544K, reserved 1179648K
  class space    used 8377K, committed 8576K, reserved 1048576K
}
Event: 10.087 GC heap before
{Heap before GC invocations=30 (full 0):
 garbage-first heap   total 171008K, used 125865K [0x0000000082800000, 0x0000000100000000)
  region size 1024K, 35 young (35840K), 6 survivors (6144K)
 Metaspace       used 79453K, committed 79808K, reserved 1179648K
  class space    used 8719K, committed 8896K, reserved 1048576K
}
Event: 10.100 GC heap after
{Heap after GC invocations=31 (full 0):
 garbage-first heap   total 171008K, used 100555K [0x0000000082800000, 0x0000000100000000)
  region size 1024K, 4 young (4096K), 4 survivors (4096K)
 Metaspace       used 79453K, committed 79808K, reserved 1179648K
  class space    used 8719K, committed 8896K, reserved 1048576K
}
Event: 11.107 GC heap before
{Heap before GC invocations=31 (full 0):
 garbage-first heap   total 171008K, used 148683K [0x0000000082800000, 0x0000000100000000)
  region size 1024K, 51 young (52224K), 4 survivors (4096K)
 Metaspace       used 85362K, committed 85760K, reserved 1179648K
  class space    used 9225K, committed 9408K, reserved 1048576K
}
Event: 11.128 GC heap after
{Heap after GC invocations=32 (full 0):
 garbage-first heap   total 171008K, used 104721K [0x0000000082800000, 0x0000000100000000)
  region size 1024K, 7 young (7168K), 7 survivors (7168K)
 Metaspace       used 85362K, committed 85760K, reserved 1179648K
  class space    used 9225K, committed 9408K, reserved 1048576K
}

Dll operation events (3 events):
Event: 0.016 Loaded shared library C:\Program Files\Android\Android Studio3\jbr\bin\java.dll
Event: 0.022 Loaded shared library C:\Program Files\Android\Android Studio3\jbr\bin\zip.dll
Event: 1.203 Loaded shared library C:\Program Files\Android\Android Studio3\jbr\bin\verify.dll

Deoptimization events (20 events):
Event: 11.250 Thread 0x000002960719f0b0 Uncommon trap: trap_request=0xffffffde fr.pc=0x000002961214956c relative=0x000000000000080c
Event: 11.250 Thread 0x000002960719f0b0 Uncommon trap: reason=class_check action=maybe_recompile pc=0x000002961214956c method=org.jetbrains.kotlin.ir.declarations.IrFunction.acceptChildren(Lorg/jetbrains/kotlin/ir/visitors/IrElementVisitor;Ljava/lang/Object;)V @ 174 c2
Event: 11.250 Thread 0x000002960719f0b0 DEOPT PACKING pc=0x000002961214956c sp=0x000000ad400fc800
Event: 11.250 Thread 0x000002960719f0b0 DEOPT UNPACKING pc=0x00000296118346a2 sp=0x000000ad400fc778 mode 2
Event: 11.251 Thread 0x000002960719f0b0 Uncommon trap: trap_request=0xffffffde fr.pc=0x000002961210af00 relative=0x0000000000001e40
Event: 11.251 Thread 0x000002960719f0b0 Uncommon trap: reason=class_check action=maybe_recompile pc=0x000002961210af00 method=org.jetbrains.kotlin.ir.declarations.IrFunction.transformChildren(Lorg/jetbrains/kotlin/ir/visitors/IrElementTransformer;Ljava/lang/Object;)V @ 87 c2
Event: 11.251 Thread 0x000002960719f0b0 DEOPT PACKING pc=0x000002961210af00 sp=0x000000ad400fce00
Event: 11.251 Thread 0x000002960719f0b0 DEOPT UNPACKING pc=0x00000296118346a2 sp=0x000000ad400fce00 mode 2
Event: 11.253 Thread 0x000002960719f0b0 Uncommon trap: trap_request=0xffffffde fr.pc=0x000002961214956c relative=0x000000000000080c
Event: 11.253 Thread 0x000002960719f0b0 Uncommon trap: reason=class_check action=maybe_recompile pc=0x000002961214956c method=org.jetbrains.kotlin.ir.declarations.IrFunction.acceptChildren(Lorg/jetbrains/kotlin/ir/visitors/IrElementVisitor;Ljava/lang/Object;)V @ 174 c2
Event: 11.253 Thread 0x000002960719f0b0 DEOPT PACKING pc=0x000002961214956c sp=0x000000ad400fca80
Event: 11.253 Thread 0x000002960719f0b0 DEOPT UNPACKING pc=0x00000296118346a2 sp=0x000000ad400fc9f8 mode 2
Event: 11.254 Thread 0x000002960719f0b0 Uncommon trap: trap_request=0xffffffde fr.pc=0x000002961214956c relative=0x000000000000080c
Event: 11.254 Thread 0x000002960719f0b0 Uncommon trap: reason=class_check action=maybe_recompile pc=0x000002961214956c method=org.jetbrains.kotlin.ir.declarations.IrFunction.acceptChildren(Lorg/jetbrains/kotlin/ir/visitors/IrElementVisitor;Ljava/lang/Object;)V @ 174 c2
Event: 11.254 Thread 0x000002960719f0b0 DEOPT PACKING pc=0x000002961214956c sp=0x000000ad400fca10
Event: 11.254 Thread 0x000002960719f0b0 DEOPT UNPACKING pc=0x00000296118346a2 sp=0x000000ad400fc988 mode 2
Event: 11.256 Thread 0x000002960719f0b0 Uncommon trap: trap_request=0xffffffde fr.pc=0x000002961210af00 relative=0x0000000000001e40
Event: 11.256 Thread 0x000002960719f0b0 Uncommon trap: reason=class_check action=maybe_recompile pc=0x000002961210af00 method=org.jetbrains.kotlin.ir.declarations.IrFunction.transformChildren(Lorg/jetbrains/kotlin/ir/visitors/IrElementTransformer;Ljava/lang/Object;)V @ 87 c2
Event: 11.256 Thread 0x000002960719f0b0 DEOPT PACKING pc=0x000002961210af00 sp=0x000000ad400fcd80
Event: 11.256 Thread 0x000002960719f0b0 DEOPT UNPACKING pc=0x00000296118346a2 sp=0x000000ad400fcd80 mode 2

Classes loaded (20 events):
Event: 9.254 Loading class java/lang/invoke/BoundMethodHandle$Species_LJ
Event: 9.254 Loading class java/lang/invoke/BoundMethodHandle$Species_LJ done
Event: 9.406 Loading class java/util/Formatter
Event: 9.407 Loading class java/util/Formatter done
Event: 9.407 Loading class java/util/Formatter$FixedString
Event: 9.407 Loading class java/util/Formatter$FormatString
Event: 9.407 Loading class java/util/Formatter$FormatString done
Event: 9.407 Loading class java/util/Formatter$FixedString done
Event: 9.407 Loading class java/util/Formatter$Conversion
Event: 9.407 Loading class java/util/Formatter$Conversion done
Event: 9.407 Loading class java/util/Formatter$FormatSpecifier
Event: 9.408 Loading class java/util/Formatter$FormatSpecifier done
Event: 9.408 Loading class java/util/Formattable
Event: 9.408 Loading class java/util/Formattable done
Event: 9.408 Loading class java/util/Formatter$Flags
Event: 9.408 Loading class java/util/Formatter$Flags done
Event: 10.124 Loading class jdk/internal/math/FloatToDecimal
Event: 10.124 Loading class jdk/internal/math/FloatToDecimal done
Event: 10.124 Loading class jdk/internal/math/MathUtils
Event: 10.125 Loading class jdk/internal/math/MathUtils done

Classes unloaded (0 events):
No events

Classes redefined (0 events):
No events

Internal exceptions (20 events):
Event: 6.789 Thread 0x000002960719f0b0 Implicit null exception at 0x0000029611d87363 to 0x0000029611d873f9
Event: 7.255 Thread 0x000002960719f0b0 Exception <a 'java/lang/NoSuchMethodError'{0x0000000087edd7c0}: 'java.lang.Object java.lang.invoke.DirectMethodHandle$Holder.newInvokeSpecial(java.lang.Object, java.lang.Object, int, java.lang.Object, java.lang.Object, java.lang.Object)'> (0x0000000087edd7c0) 
thrown [s\src\hotspot\share\interpreter\linkResolver.cpp, line 784]
Event: 7.255 Thread 0x000002960719f0b0 Exception <a 'java/lang/NoSuchMethodError'{0x0000000087ee18a0}: 'java.lang.Object java.lang.invoke.DirectMethodHandle$Holder.invokeSpecial(java.lang.Object, java.lang.Object, java.lang.Object, int, java.lang.Object, java.lang.Object, java.lang.Object)'> (0x0000000087ee18a0) 
thrown [s\src\hotspot\share\interpreter\linkResolver.cpp, line 784]
Event: 7.255 Thread 0x000002960719f0b0 Exception <a 'java/lang/NoSuchMethodError'{0x0000000087ee5200}: 'java.lang.Object java.lang.invoke.Invokers$Holder.linkToTargetMethod(java.lang.Object, int, java.lang.Object, java.lang.Object, java.lang.Object, java.lang.Object)'> (0x0000000087ee5200) 
thrown [s\src\hotspot\share\interpreter\linkResolver.cpp, line 784]
Event: 7.800 Thread 0x000002960719f0b0 Implicit null exception at 0x0000029611db0420 to 0x0000029611db09e8
Event: 7.802 Thread 0x000002960719f0b0 Implicit null exception at 0x0000029611db53a0 to 0x0000029611db5958
Event: 8.084 Thread 0x000002960719f0b0 Exception <a 'java/lang/NoSuchMethodError'{0x000000008a39e4a8}: 'java.lang.Object java.lang.invoke.DirectMethodHandle$Holder.newInvokeSpecial(java.lang.Object, java.lang.Object, java.lang.Object, java.lang.Object, java.lang.Object, java.lang.Object, java.lang.Object, java.lang.Object, int)'> (0x000000008a39e4a8) 
thrown [s\src\hotspot\share\interpreter\linkResolver.cpp, line 784]
Event: 8.084 Thread 0x000002960719f0b0 Exception <a 'java/lang/NoSuchMethodError'{0x000000008a3a31e8}: 'java.lang.Object java.lang.invoke.DirectMethodHandle$Holder.invokeSpecial(java.lang.Object, java.lang.Object, java.lang.Object, java.lang.Object, java.lang.Object, java.lang.Object, java.lang.Object, java.lang.Object, java.lang.Object, int)'> (0x000000008a3a31e8) 
thrown [s\src\hotspot\share\interpreter\linkResolver.cpp, line 784]
Event: 8.099 Thread 0x000002960719f0b0 Exception <a 'java/lang/NoSuchMethodError'{0x000000008a256bf0}: 'java.lang.Object java.lang.invoke.DirectMethodHandle$Holder.invokeStatic(java.lang.Object, java.lang.Object, int, int)'> (0x000000008a256bf0) 
thrown [s\src\hotspot\share\interpreter\linkResolver.cpp, line 784]
Event: 8.100 Thread 0x000002960719f0b0 Exception <a 'java/lang/NoSuchMethodError'{0x000000008a25db58}: 'java.lang.Object java.lang.invoke.DirectMethodHandle$Holder.newInvokeSpecial(java.lang.Object, java.lang.Object, int, int)'> (0x000000008a25db58) 
thrown [s\src\hotspot\share\interpreter\linkResolver.cpp, line 784]
Event: 8.100 Thread 0x000002960719f0b0 Exception <a 'java/lang/NoSuchMethodError'{0x000000008a2620a0}: 'java.lang.Object java.lang.invoke.DirectMethodHandle$Holder.invokeSpecial(java.lang.Object, java.lang.Object, java.lang.Object, int, int)'> (0x000000008a2620a0) 
thrown [s\src\hotspot\share\interpreter\linkResolver.cpp, line 784]
Event: 8.100 Thread 0x000002960719f0b0 Exception <a 'java/lang/NoSuchMethodError'{0x000000008a265f60}: 'java.lang.Object java.lang.invoke.Invokers$Holder.linkToTargetMethod(java.lang.Object, int, int, java.lang.Object)'> (0x000000008a265f60) 
thrown [s\src\hotspot\share\interpreter\linkResolver.cpp, line 784]
Event: 9.256 Thread 0x000002960719f0b0 Exception <a 'java/lang/NoSuchMethodError'{0x000000008ad60f40}: 'java.lang.Object java.lang.invoke.DirectMethodHandle$Holder.invokeStatic(java.lang.Object, java.lang.Object, int, java.lang.Object, java.lang.Object)'> (0x000000008ad60f40) 
thrown [s\src\hotspot\share\interpreter\linkResolver.cpp, line 784]
Event: 9.256 Thread 0x000002960719f0b0 Exception <a 'java/lang/NoSuchMethodError'{0x000000008ad68678}: 'java.lang.Object java.lang.invoke.DirectMethodHandle$Holder.newInvokeSpecial(java.lang.Object, java.lang.Object, int, java.lang.Object, java.lang.Object)'> (0x000000008ad68678) 
thrown [s\src\hotspot\share\interpreter\linkResolver.cpp, line 784]
Event: 9.256 Thread 0x000002960719f0b0 Exception <a 'java/lang/NoSuchMethodError'{0x000000008ad6cb88}: 'java.lang.Object java.lang.invoke.DirectMethodHandle$Holder.invokeSpecial(java.lang.Object, java.lang.Object, java.lang.Object, int, java.lang.Object, java.lang.Object)'> (0x000000008ad6cb88) 
thrown [s\src\hotspot\share\interpreter\linkResolver.cpp, line 784]
Event: 9.256 Thread 0x000002960719f0b0 Exception <a 'java/lang/NoSuchMethodError'{0x000000008ad70670}: 'java.lang.Object java.lang.invoke.Invokers$Holder.linkToTargetMethod(java.lang.Object, int, java.lang.Object, java.lang.Object, java.lang.Object)'> (0x000000008ad70670) 
thrown [s\src\hotspot\share\interpreter\linkResolver.cpp, line 784]
Event: 9.659 Thread 0x000002960719f0b0 Exception <a 'java/lang/NoSuchMethodError'{0x000000008aeee328}: 'java.lang.Object java.lang.invoke.DirectMethodHandle$Holder.newInvokeSpecial(java.lang.Object, java.lang.Object, java.lang.Object, java.lang.Object, java.lang.Object, java.lang.Object, int)'> (0x000000008aeee328) 
thrown [s\src\hotspot\share\interpreter\linkResolver.cpp, line 784]
Event: 9.660 Thread 0x000002960719f0b0 Exception <a 'java/lang/NoSuchMethodError'{0x000000008aef2a90}: 'java.lang.Object java.lang.invoke.DirectMethodHandle$Holder.invokeSpecial(java.lang.Object, java.lang.Object, java.lang.Object, java.lang.Object, java.lang.Object, java.lang.Object, java.lang.Object, int)'> (0x000000008aef2a90) 
thrown [s\src\hotspot\share\interpreter\linkResolver.cpp, line 784]
Event: 9.993 Thread 0x000002960719f0b0 Exception <a 'java/lang/NoSuchMethodError'{0x000000008b8637c8}: 'java.lang.Object java.lang.invoke.DirectMethodHandle$Holder.newInvokeSpecial(java.lang.Object, int, java.lang.Object, int)'> (0x000000008b8637c8) 
thrown [s\src\hotspot\share\interpreter\linkResolver.cpp, line 784]
Event: 11.003 Thread 0x000002960719f0b0 Exception <a 'java/lang/NoSuchMethodError'{0x0000000089ce9638}: 'java.lang.Object java.lang.invoke.DirectMethodHandle$Holder.newInvokeSpecial(java.lang.Object, java.lang.Object, java.lang.Object, int, int, java.lang.Object)'> (0x0000000089ce9638) 
thrown [s\src\hotspot\share\interpreter\linkResolver.cpp, line 784]

ZGC Phase Switch (0 events):
No events

VM Operations (20 events):
Event: 10.585 Executing VM operation: ICBufferFull
Event: 10.585 Executing VM operation: ICBufferFull done
Event: 10.621 Executing VM operation: HandshakeAllThreads (Deoptimize)
Event: 10.621 Executing VM operation: HandshakeAllThreads (Deoptimize) done
Event: 10.689 Executing VM operation: HandshakeAllThreads (Deoptimize)
Event: 10.689 Executing VM operation: HandshakeAllThreads (Deoptimize) done
Event: 10.792 Executing VM operation: ICBufferFull
Event: 10.793 Executing VM operation: ICBufferFull done
Event: 10.804 Executing VM operation: HandshakeAllThreads (Deoptimize)
Event: 10.804 Executing VM operation: HandshakeAllThreads (Deoptimize) done
Event: 10.816 Executing VM operation: HandshakeAllThreads (Deoptimize)
Event: 10.816 Executing VM operation: HandshakeAllThreads (Deoptimize) done
Event: 10.862 Executing VM operation: HandshakeAllThreads (Deoptimize)
Event: 10.862 Executing VM operation: HandshakeAllThreads (Deoptimize) done
Event: 10.928 Executing VM operation: ICBufferFull
Event: 10.929 Executing VM operation: ICBufferFull done
Event: 11.107 Executing VM operation: G1CollectForAllocation (G1 Evacuation Pause)
Event: 11.128 Executing VM operation: G1CollectForAllocation (G1 Evacuation Pause) done
Event: 11.256 Executing VM operation: ICBufferFull
Event: 11.256 Executing VM operation: ICBufferFull done

Events (20 events):
Event: 9.739 Thread 0x000002961e908920 flushing nmethod 0x000002960a32a590
Event: 9.739 Thread 0x000002961e908920 flushing nmethod 0x000002960a31a290
Event: 9.739 Thread 0x000002961e908920 flushing nmethod 0x000002960a30d790
Event: 9.739 Thread 0x000002961e908920 flushing nmethod 0x000002960a300590
Event: 9.739 Thread 0x000002961e908920 flushing nmethod 0x000002960a2d2910
Event: 9.739 Thread 0x000002961e908920 flushing nmethod 0x0000029612051d90
Event: 9.739 Thread 0x000002961e908920 flushing nmethod 0x0000029611ff9e10
Event: 9.739 Thread 0x000002961e908920 flushing nmethod 0x0000029612032790
Event: 9.739 Thread 0x000002961e908920 flushing nmethod 0x0000029611fa5090
Event: 9.739 Thread 0x000002961e908920 flushing nmethod 0x0000029611feeb10
Event: 9.739 Thread 0x000002961e908920 flushing nmethod 0x0000029611f3f090
Event: 9.739 Thread 0x000002961e908920 flushing nmethod 0x0000029611edb490
Event: 9.739 Thread 0x000002961e908920 flushing nmethod 0x0000029611ecbc10
Event: 9.739 Thread 0x000002961e908920 flushing nmethod 0x0000029611e6a390
Event: 9.739 Thread 0x000002961e908920 flushing nmethod 0x0000029611e17190
Event: 9.739 Thread 0x000002961e908920 flushing nmethod 0x0000029611e03410
Event: 9.739 Thread 0x000002961e908920 flushing nmethod 0x0000029611de3d10
Event: 9.739 Thread 0x000002961e908920 flushing nmethod 0x0000029611db5190
Event: 9.739 Thread 0x000002961e908920 flushing nmethod 0x0000029611db0210
Event: 9.739 Thread 0x000002961e908920 flushing nmethod 0x0000029611d87190


Dynamic libraries:
0x00007ff7686d0000 - 0x00007ff7686da000 	C:\Program Files\Android\Android Studio3\jbr\bin\java.exe
0x00007fff81c50000 - 0x00007fff81e67000 	C:\WINDOWS\SYSTEM32\ntdll.dll
0x00007fff7fbe0000 - 0x00007fff7fca4000 	C:\WINDOWS\System32\KERNEL32.DLL
0x00007fff7ed90000 - 0x00007fff7f161000 	C:\WINDOWS\System32\KERNELBASE.dll
0x00000000601f0000 - 0x0000000060520000 	C:\Program Files\Norton Security\NortonData\22.19.8.65\Definitions\IPSDefs\20230104.061\IPSEng64.dll
0x00007fff80660000 - 0x00007fff80711000 	C:\WINDOWS\System32\ADVAPI32.dll
0x00007fff7f920000 - 0x00007fff7f9c7000 	C:\WINDOWS\System32\msvcrt.dll
0x00007fff7fcb0000 - 0x00007fff7fd57000 	C:\WINDOWS\System32\sechost.dll
0x00007fff7f5e0000 - 0x00007fff7f608000 	C:\WINDOWS\System32\bcrypt.dll
0x00007fff81830000 - 0x00007fff81944000 	C:\WINDOWS\System32\RPCRT4.dll
0x00007fff80760000 - 0x00007fff80768000 	C:\WINDOWS\System32\PSAPI.DLL
0x00007fff7f4c0000 - 0x00007fff7f5d1000 	C:\WINDOWS\System32\ucrtbase.dll
0x00007fff5d350000 - 0x00007fff5d368000 	C:\Program Files\Android\Android Studio3\jbr\bin\jli.dll
0x00007fff576f0000 - 0x00007fff5770b000 	C:\Program Files\Android\Android Studio3\jbr\bin\VCRUNTIME140.dll
0x00007fff80c50000 - 0x00007fff80e01000 	C:\WINDOWS\System32\USER32.dll
0x00007fff7f170000 - 0x00007fff7f196000 	C:\WINDOWS\System32\win32u.dll
0x00007fff6acf0000 - 0x00007fff6af82000 	C:\WINDOWS\WinSxS\amd64_microsoft.windows.common-controls_6595b64144ccf1df_6.0.22621.4830_none_270fe7d773858e80\COMCTL32.dll
0x00007fff81800000 - 0x00007fff81829000 	C:\WINDOWS\System32\GDI32.dll
0x00007fff7f800000 - 0x00007fff7f91b000 	C:\WINDOWS\System32\gdi32full.dll
0x00007fff7f420000 - 0x00007fff7f4ba000 	C:\WINDOWS\System32\msvcp_win.dll
0x00007fff80720000 - 0x00007fff80751000 	C:\WINDOWS\System32\IMM32.DLL
0x00007fff6a600000 - 0x00007fff6a60c000 	C:\Program Files\Android\Android Studio3\jbr\bin\vcruntime140_1.dll
0x00007fff31f30000 - 0x00007fff31fbd000 	C:\Program Files\Android\Android Studio3\jbr\bin\msvcp140.dll
0x00007ffefb260000 - 0x00007ffefbedd000 	C:\Program Files\Android\Android Studio3\jbr\bin\server\jvm.dll
0x00007fff80250000 - 0x00007fff802c1000 	C:\WINDOWS\System32\WS2_32.dll
0x00007fff7df50000 - 0x00007fff7df9d000 	C:\WINDOWS\SYSTEM32\POWRPROF.dll
0x00007fff7ad20000 - 0x00007fff7ad2a000 	C:\WINDOWS\SYSTEM32\VERSION.dll
0x00007fff7af00000 - 0x00007fff7af34000 	C:\WINDOWS\SYSTEM32\WINMM.dll
0x00007fff7df30000 - 0x00007fff7df43000 	C:\WINDOWS\SYSTEM32\UMPDC.dll
0x00007fff7de10000 - 0x00007fff7de28000 	C:\WINDOWS\SYSTEM32\kernel.appcore.dll
0x00007fff6a5b0000 - 0x00007fff6a5ba000 	C:\Program Files\Android\Android Studio3\jbr\bin\jimage.dll
0x00007fff6be50000 - 0x00007fff6c082000 	C:\WINDOWS\SYSTEM32\DBGHELP.DLL
0x00007fff802d0000 - 0x00007fff80660000 	C:\WINDOWS\System32\combase.dll
0x00007fff81b30000 - 0x00007fff81c07000 	C:\WINDOWS\System32\OLEAUT32.dll
0x00007fff5fc20000 - 0x00007fff5fc52000 	C:\WINDOWS\SYSTEM32\dbgcore.DLL
0x00007fff7f780000 - 0x00007fff7f7fb000 	C:\WINDOWS\System32\bcryptPrimitives.dll
0x00007fff569a0000 - 0x00007fff569bf000 	C:\Program Files\Android\Android Studio3\jbr\bin\java.dll
0x00007fff549c0000 - 0x00007fff549d8000 	C:\Program Files\Android\Android Studio3\jbr\bin\zip.dll
0x00007fff80f20000 - 0x00007fff817a8000 	C:\WINDOWS\System32\SHELL32.dll
0x00007fff7f1a0000 - 0x00007fff7f2df000 	C:\WINDOWS\System32\wintypes.dll
0x00007fff7cca0000 - 0x00007fff7d5ad000 	C:\WINDOWS\SYSTEM32\windows.storage.dll
0x00007fff81970000 - 0x00007fff81a7a000 	C:\WINDOWS\System32\SHCORE.dll
0x00007fff801f0000 - 0x00007fff8024e000 	C:\WINDOWS\System32\shlwapi.dll
0x00007fff7ecc0000 - 0x00007fff7eceb000 	C:\WINDOWS\SYSTEM32\profapi.dll
0x00007fff69cd0000 - 0x00007fff69ce0000 	C:\Program Files\Android\Android Studio3\jbr\bin\net.dll
0x00007fff7ab00000 - 0x00007fff7ac2c000 	C:\WINDOWS\SYSTEM32\WINHTTP.dll
0x00007fff7e300000 - 0x00007fff7e36a000 	C:\WINDOWS\system32\mswsock.dll
0x00007fff546c0000 - 0x00007fff546d6000 	C:\Program Files\Android\Android Studio3\jbr\bin\nio.dll
0x00007fff68da0000 - 0x00007fff68db0000 	C:\Program Files\Android\Android Studio3\jbr\bin\verify.dll

dbghelp: loaded successfully - version: 4.0.5 - missing functions: none
symbol engine: initialized successfully - sym options: 0x614 - pdb path: .;C:\Program Files\Android\Android Studio3\jbr\bin;C:\WINDOWS\SYSTEM32;C:\Program Files\Norton Security\NortonData\22.19.8.65\Definitions\IPSDefs\20230104.061;C:\WINDOWS\WinSxS\amd64_microsoft.windows.common-controls_6595b64144ccf1df_6.0.22621.4830_none_270fe7d773858e80;C:\Program Files\Android\Android Studio3\jbr\bin\server

VM Arguments:
java_command: org.jetbrains.kotlin.cli.jvm.K2JVMCompiler @C:\Users\sarve\AndroidStudioProjects\pixVault\app\build\20250405_606896106460096947.compiler.options
java_class_path (initial): C:\Users\sarve\Desktop\Vault-master\Vault-master\caches\modules-2\files-2.1\org.jetbrains.kotlin\kotlin-compiler-embeddable\2.0.0\1de310de3446414381282ffc46c3ed3919a4d1da\kotlin-compiler-embeddable-2.0.0.jar;C:\Users\sarve\Desktop\Vault-master\Vault-master\caches\modules-2\files-2.1\org.jetbrains.kotlin\kotlin-stdlib\2.0.0\b48df2c4aede9586cc931ead433bc02d6fd7879e\kotlin-stdlib-2.0.0.jar;C:\Users\sarve\Desktop\Vault-master\Vault-master\caches\modules-2\files-2.1\org.jetbrains.kotlin\kotlin-script-runtime\2.0.0\fdc27dd047d592fa41d2dfa21e7621287a361612\kotlin-script-runtime-2.0.0.jar;C:\Users\sarve\Desktop\Vault-master\Vault-master\caches\modules-2\files-2.1\org.jetbrains.kotlin\kotlin-reflect\1.6.10\1cbe9c92c12a94eea200d23c2bbaedaf3daf5132\kotlin-reflect-1.6.10.jar;C:\Users\sarve\Desktop\Vault-master\Vault-master\caches\modules-2\files-2.1\org.jetbrains.kotlin\kotlin-daemon-embeddable\2.0.0\b39c612768614c4428c96ee9c65477181fffe9d\kotlin-daemon-embeddable-2.0.0.jar;C:\Users\sarve\Desktop\Vault-master\Vault-master\caches\modules-2\files-2.1\org.jetbrains.intellij.deps\trove4j\1.0.20200330\3afb14d5f9ceb459d724e907a21145e8ff394f02\trove4j-1.0.20200330.jar;C:\Users\sarve\Desktop\Vault-master\Vault-master\caches\modules-2\files-2.1\org.jetbrains\annotations\13.0\919f0dfe192fb4e063e7dacadee7f8bb9a2672a9\annotations-13.0.jar
Launcher Type: SUN_STANDARD

[Global flags]
     intx CICompilerCount                          = 4                                         {product} {ergonomic}
     uint ConcGCThreads                            = 2                                         {product} {ergonomic}
     uint G1ConcRefinementThreads                  = 8                                         {product} {ergonomic}
   size_t G1HeapRegionSize                         = 1048576                                   {product} {ergonomic}
    uintx GCDrainStackTargetSize                   = 64                                        {product} {ergonomic}
   size_t InitialHeapSize                          = 132120576                                 {product} {ergonomic}
   size_t MarkStackSize                            = 4194304                                   {product} {ergonomic}
   size_t MaxHeapSize                              = 2105540608                                {product} {ergonomic}
   size_t MaxNewSize                               = 1262485504                                {product} {ergonomic}
   size_t MinHeapDeltaBytes                        = 1048576                                   {product} {ergonomic}
   size_t MinHeapSize                              = 8388608                                   {product} {ergonomic}
    uintx NonNMethodCodeHeapSize                   = 5839372                                {pd product} {ergonomic}
    uintx NonProfiledCodeHeapSize                  = 122909434                              {pd product} {ergonomic}
    uintx ProfiledCodeHeapSize                     = 122909434                              {pd product} {ergonomic}
    uintx ReservedCodeCacheSize                    = 251658240                              {pd product} {ergonomic}
     bool SegmentedCodeCache                       = true                                      {product} {ergonomic}
   size_t SoftMaxHeapSize                          = 2105540608                             {manageable} {ergonomic}
     bool UseCompressedOops                        = true                           {product lp64_product} {ergonomic}
     bool UseG1GC                                  = true                                      {product} {ergonomic}
     bool UseLargePagesIndividualAllocation        = false                                  {pd product} {ergonomic}

Logging:
Log output configuration:
 #0: stdout all=warning uptime,level,tags foldmultilines=false
 #1: stderr all=off uptime,level,tags foldmultilines=false

Environment Variables:
JAVA_HOME=C:\Program Files\Java\jdk-19
PATH=C:\Python313\Scripts\;C:\Python313\;C:\Program Files (x86)\Common Files\Intel\Shared Libraries\redist\intel64\compiler;C:\Python312\Scripts\;C:\Python312\;C:\Program Files\Common Files\Oracle\Java\javapath;C:\Program Files (x86)\Common Files\Oracle\Java\java8path;C:\Program Files (x86)\Common Files\Oracle\Java\javapath;C:\Windows\system32;C:\Windows;C:\Windows\System32\Wbem;C:\Windows\System32\WindowsPowerShell\v1.0\;C:\Windows\System32\OpenSSH\;C:\Program Files (x86)\NVIDIA Corporation\PhysX\Common;C:\WINDOWS\system32;C:\WINDOWS;C:\WINDOWS\System32\Wbem;C:\WINDOWS\System32\WindowsPowerShell\v1.0\;C:\WINDOWS\System32\OpenSSH\;C:\Users\sarve\AppData\Local\Microsoft\WindowsApps;C:\WINDOWS\system32;C:\WINDOWS;C:\WINDOWS\System32\Wbem;C:\WINDOWS\System32\WindowsPowerShell\v1.0\;C:\WINDOWS\System32\OpenSSH\;C:\msys64\mingw64\bin;C:\MinGW\bin;C:\python;C:\python\Scripts;C:\ProgramData\chocolatey\bin;C:\Program Files\Git\cmd;C:\Program Files\Microsoft SQL Server\150\Tools\Binn\;C:\Program Files\Microsoft SQL Server\Client SDK\ODBC\170\Tools\Binn\;%\ANDROID_HOME%;C:\Program Files\dotnet\;C:\Program Files\NVIDIA Corporation\NVIDIA app\NvDLISR;C:\Users\sarve\AppData\Local\Android\Sdk\build-tools\34.0.0;C:\Program Files\nodejs\;C:\python\Scripts\;C:\python\;C:\Users\sarve\AppData\Local\Programs\Python\Python310\Scripts\;C:\Users\sarve\AppData\Local\Programs\Python\Python310\;C:\Users\sarve\AppData\Local\Microsoft\WindowsApps;C:\Users\sarve\AppData\Local\Programs\Microsoft VS Code\bin;C:\Users\sarve\AppData\Local\GitHubDesktop\bin;C:\Users\sarve\.dotnet\tools;C:\Users\sarve\Desktop\apache-maven-3.9.9\bin;C:\Users\sarve\AppData\Local\Microsoft\WinGet\Packages\Microsoft.PowerShell_Microsoft.Winget.Source_8wekyb3d8bbwe;C:\Users\sarve\AppData\Local\Microsoft\WinGet\Packages\Schniz.fnm_Microsoft.Winget.Source_8wekyb3d8bbwe;C:\Users\sarve\AppData\Roaming\npm
USERNAME=satyam
OS=Windows_NT
PROCESSOR_IDENTIFIER=Intel64 Family 6 Model 158 Stepping 13, GenuineIntel
TMP=C:\Users\sarve\AppData\Local\Temp
TEMP=C:\Users\sarve\AppData\Local\Temp




Periodic native trim disabled

JNI global refs:
JNI global refs: 11, weak refs: 50

JNI global refs memory usage: 835, weak refs: 833

Process memory usage:
Resident Set Size: 413272K (5% of 8221748K total physical memory with 237408K free physical memory)

OOME stack traces (most recent first):
Classloader memory used:
Loader jdk.internal.loader.ClassLoaders$AppClassLoader                                 : 72173K
Loader bootstrap                                                                       : 11523K
Loader java.net.URLClassLoader                                                         : 1853K

---------------  S Y S T E M  ---------------

OS:
 Windows 11 , 64 bit Build 22621 (10.0.22621.4974)
OS uptime: 8 days 2:13 hours
Hyper-V role detected

CPU: total 8 (initial active 8) (4 cores per cpu, 2 threads per core) family 6 model 158 stepping 13 microcode 0xea, cx8, cmov, fxsr, ht, mmx, 3dnowpref, sse, sse2, sse3, ssse3, sse4.1, sse4.2, popcnt, lzcnt, tsc, tscinvbit, avx, avx2, aes, erms, clmul, bmi1, bmi2, adx, fma, vzeroupper, clflush, clflushopt, hv, rdtscp, f16c
Processor Information for all 8 processors :
  Max Mhz: 2400, Current Mhz: 2400, Mhz Limit: 2400

Memory: 4k page, system-wide physical 8029M (240M free)
TotalPageFile size 32605M (AvailPageFile size 0M)
current process WorkingSet (physical memory assigned to process): 405M, peak: 405M
current process commit charge ("private bytes"): 435M, peak: 435M

vm_info: OpenJDK 64-Bit Server VM (21.0.3+-12282718-b509.11) for windows-amd64 JRE (21.0.3+-12282718-b509.11), built on 2024-08-27T17:34:15Z by "builder" with MS VC++ 16.10 / 16.11 (VS2019)

END.
